<?xml version="1.0" encoding="UTF-8"?>
<testsuite xmlns:xsi="http://www.w3.org/2001/XMLSchema-instance" xsi:noNamespaceSchemaLocation="https://maven.apache.org/surefire/maven-surefire-plugin/xsd/surefire-test-report-3.0.xsd" version="3.0" name="tests.ScalabilityTest" time="0.001" tests="0" errors="0" skipped="0" failures="0">
  <properties>
    <property name="java.specification.version" value="21"/>
    <property name="sun.jnu.encoding" value="UTF-8"/>
    <property name="java.class.path" value="/Users/matheocollina/Project/Cours/lefeyer/api-performance-test/target/test-classes:/Users/matheocollina/Project/Cours/lefeyer/api-performance-test/target/classes:/Users/matheocollina/.m2/repository/com/sksamuel/hoplite/hoplite-core/2.7.1/hoplite-core-2.7.1.jar:/Users/matheocollina/.m2/repository/org/jetbrains/kotlin/kotlin-reflect/1.6.21/kotlin-reflect-1.6.21.jar:/Users/matheocollina/.m2/repository/com/sksamuel/hoplite/hoplite-yaml/2.7.1/hoplite-yaml-2.7.1.jar:/Users/matheocollina/.m2/repository/org/yaml/snakeyaml/1.33/snakeyaml-1.33.jar:/Users/matheocollina/.m2/repository/org/jetbrains/kotlin/kotlin-stdlib-jdk8/1.8.10/kotlin-stdlib-jdk8-1.8.10.jar:/Users/matheocollina/.m2/repository/org/jetbrains/kotlin/kotlin-stdlib/1.8.10/kotlin-stdlib-1.8.10.jar:/Users/matheocollina/.m2/repository/org/jetbrains/kotlin/kotlin-stdlib-common/1.8.10/kotlin-stdlib-common-1.8.10.jar:/Users/matheocollina/.m2/repository/org/jetbrains/annotations/13.0/annotations-13.0.jar:/Users/matheocollina/.m2/repository/org/jetbrains/kotlin/kotlin-stdlib-jdk7/1.8.10/kotlin-stdlib-jdk7-1.8.10.jar:/Users/matheocollina/.m2/repository/io/gatling/highcharts/gatling-charts-highcharts/3.9.0/gatling-charts-highcharts-3.9.0.jar:/Users/matheocollina/.m2/repository/org/scala-lang/scala-library/2.13.10/scala-library-2.13.10.jar:/Users/matheocollina/.m2/repository/io/gatling/gatling-app/3.9.0/gatling-app-3.9.0.jar:/Users/matheocollina/.m2/repository/io/gatling/gatling-core/3.9.0/gatling-core-3.9.0.jar:/Users/matheocollina/.m2/repository/io/gatling/gatling-netty-util/3.9.0/gatling-netty-util-3.9.0.jar:/Users/matheocollina/.m2/repository/io/gatling/gatling-jdk-util/3.9.0/gatling-jdk-util-3.9.0.jar:/Users/matheocollina/.m2/repository/io/netty/incubator/netty-incubator-transport-native-io_uring/0.0.16.Final/netty-incubator-transport-native-io_uring-0.0.16.Final-linux-x86_64.jar:/Users/matheocollina/.m2/repository/io/netty/incubator/netty-incubator-transport-classes-io_uring/0.0.16.Final/netty-incubator-transport-classes-io_uring-0.0.16.Final.jar:/Users/matheocollina/.m2/repository/io/netty/incubator/netty-incubator-transport-native-io_uring/0.0.16.Final/netty-incubator-transport-native-io_uring-0.0.16.Final-linux-aarch_64.jar:/Users/matheocollina/.m2/repository/io/gatling/gatling-commons/3.9.0/gatling-commons-3.9.0.jar:/Users/matheocollina/.m2/repository/io/gatling/gatling-commons-shared/3.9.0/gatling-commons-shared-3.9.0.jar:/Users/matheocollina/.m2/repository/org/scala-lang/scala-reflect/2.13.10/scala-reflect-2.13.10.jar:/Users/matheocollina/.m2/repository/io/suzaku/boopickle_2.13/1.3.3/boopickle_2.13-1.3.3.jar:/Users/matheocollina/.m2/repository/io/gatling/gatling-commons-shared-unstable/3.9.0/gatling-commons-shared-unstable-3.9.0.jar:/Users/matheocollina/.m2/repository/org/typelevel/spire-macros_2.13/0.17.0/spire-macros_2.13-0.17.0.jar:/Users/matheocollina/.m2/repository/org/slf4j/slf4j-api/1.7.36/slf4j-api-1.7.36.jar:/Users/matheocollina/.m2/repository/com/typesafe/scala-logging/scala-logging_2.13/3.9.5/scala-logging_2.13-3.9.5.jar:/Users/matheocollina/.m2/repository/ch/qos/logback/logback-classic/1.2.11/logback-classic-1.2.11.jar:/Users/matheocollina/.m2/repository/ch/qos/logback/logback-core/1.2.11/logback-core-1.2.11.jar:/Users/matheocollina/.m2/repository/io/gatling/gatling-jsonpath/3.9.0/gatling-jsonpath-3.9.0.jar:/Users/matheocollina/.m2/repository/com/typesafe/akka/akka-slf4j_2.13/2.6.20/akka-slf4j_2.13-2.6.20.jar:/Users/matheocollina/.m2/repository/org/simpleflatmapper/lightning-csv/8.2.3/lightning-csv-8.2.3.jar:/Users/matheocollina/.m2/repository/org/simpleflatmapper/sfm-util/8.2.3/sfm-util-8.2.3.jar:/Users/matheocollina/.m2/repository/com/github/ben-manes/caffeine/caffeine/2.9.3/caffeine-2.9.3.jar:/Users/matheocollina/.m2/repository/org/checkerframework/checker-qual/3.19.0/checker-qual-3.19.0.jar:/Users/matheocollina/.m2/repository/com/google/errorprone/error_prone_annotations/2.10.0/error_prone_annotations-2.10.0.jar:/Users/matheocollina/.m2/repository/io/pebbletemplates/pebble/3.2.0/pebble-3.2.0.jar:/Users/matheocollina/.m2/repository/org/unbescape/unbescape/1.1.6.RELEASE/unbescape-1.1.6.RELEASE.jar:/Users/matheocollina/.m2/repository/org/scala-lang/modules/scala-parser-combinators_2.13/2.1.1/scala-parser-combinators_2.13-2.1.1.jar:/Users/matheocollina/.m2/repository/com/github/scopt/scopt_2.13/3.7.1/scopt_2.13-3.7.1.jar:/Users/matheocollina/.m2/repository/io/netty/netty-handler/4.1.86.Final/netty-handler-4.1.86.Final.jar:/Users/matheocollina/.m2/repository/io/netty/netty-resolver/4.1.86.Final/netty-resolver-4.1.86.Final.jar:/Users/matheocollina/.m2/repository/io/netty/netty-transport-native-unix-common/4.1.86.Final/netty-transport-native-unix-common-4.1.86.Final.jar:/Users/matheocollina/.m2/repository/io/netty/netty-tcnative-classes/2.0.54.Final/netty-tcnative-classes-2.0.54.Final.jar:/Users/matheocollina/.m2/repository/com/softwaremill/quicklens/quicklens_2.13/1.9.0/quicklens_2.13-1.9.0.jar:/Users/matheocollina/.m2/repository/net/sf/saxon/Saxon-HE/10.6/Saxon-HE-10.6.jar:/Users/matheocollina/.m2/repository/org/jodd/jodd-lagarto/6.0.6/jodd-lagarto-6.0.6.jar:/Users/matheocollina/.m2/repository/org/jodd/jodd-util/6.1.0/jodd-util-6.1.0.jar:/Users/matheocollina/.m2/repository/io/burt/jmespath-jackson/0.5.1/jmespath-jackson-0.5.1.jar:/Users/matheocollina/.m2/repository/io/burt/jmespath-core/0.5.1/jmespath-core-0.5.1.jar:/Users/matheocollina/.m2/repository/io/gatling/gatling-core-java/3.9.0/gatling-core-java-3.9.0.jar:/Users/matheocollina/.m2/repository/net/jodah/typetools/0.6.3/typetools-0.6.3.jar:/Users/matheocollina/.m2/repository/com/google/code/findbugs/jsr305/3.0.2/jsr305-3.0.2.jar:/Users/matheocollina/.m2/repository/io/gatling/gatling-http/3.9.0/gatling-http-3.9.0.jar:/Users/matheocollina/.m2/repository/io/gatling/gatling-http-client/3.9.0/gatling-http-client-3.9.0.jar:/Users/matheocollina/.m2/repository/io/netty/netty-handler-proxy/4.1.86.Final/netty-handler-proxy-4.1.86.Final.jar:/Users/matheocollina/.m2/repository/io/netty/netty-codec-socks/4.1.86.Final/netty-codec-socks-4.1.86.Final.jar:/Users/matheocollina/.m2/repository/io/netty/netty-resolver-dns/4.1.86.Final/netty-resolver-dns-4.1.86.Final.jar:/Users/matheocollina/.m2/repository/io/netty/netty-codec-dns/4.1.86.Final/netty-codec-dns-4.1.86.Final.jar:/Users/matheocollina/.m2/repository/io/netty/netty-codec-http2/4.1.86.Final/netty-codec-http2-4.1.86.Final.jar:/Users/matheocollina/.m2/repository/io/netty/netty-resolver-dns-native-macos/4.1.86.Final/netty-resolver-dns-native-macos-4.1.86.Final-osx-x86_64.jar:/Users/matheocollina/.m2/repository/io/netty/netty-resolver-dns-classes-macos/4.1.86.Final/netty-resolver-dns-classes-macos-4.1.86.Final.jar:/Users/matheocollina/.m2/repository/io/netty/netty-resolver-dns-native-macos/4.1.86.Final/netty-resolver-dns-native-macos-4.1.86.Final-osx-aarch_64.jar:/Users/matheocollina/.m2/repository/io/netty/netty-tcnative-boringssl-static/2.0.54.Final/netty-tcnative-boringssl-static-2.0.54.Final.jar:/Users/matheocollina/.m2/repository/io/netty/netty-tcnative-boringssl-static/2.0.54.Final/netty-tcnative-boringssl-static-2.0.54.Final-linux-x86_64.jar:/Users/matheocollina/.m2/repository/io/netty/netty-tcnative-boringssl-static/2.0.54.Final/netty-tcnative-boringssl-static-2.0.54.Final-linux-aarch_64.jar:/Users/matheocollina/.m2/repository/io/netty/netty-tcnative-boringssl-static/2.0.54.Final/netty-tcnative-boringssl-static-2.0.54.Final-osx-x86_64.jar:/Users/matheocollina/.m2/repository/io/netty/netty-tcnative-boringssl-static/2.0.54.Final/netty-tcnative-boringssl-static-2.0.54.Final-osx-aarch_64.jar:/Users/matheocollina/.m2/repository/io/netty/netty-tcnative-boringssl-static/2.0.54.Final/netty-tcnative-boringssl-static-2.0.54.Final-windows-x86_64.jar:/Users/matheocollina/.m2/repository/com/aayushatharva/brotli4j/brotli4j/1.8.0/brotli4j-1.8.0.jar:/Users/matheocollina/.m2/repository/com/aayushatharva/brotli4j/native-linux-x86_64/1.8.0/native-linux-x86_64-1.8.0.jar:/Users/matheocollina/.m2/repository/com/aayushatharva/brotli4j/native-linux-aarch64/1.8.0/native-linux-aarch64-1.8.0.jar:/Users/matheocollina/.m2/repository/com/aayushatharva/brotli4j/native-osx-x86_64/1.8.0/native-osx-x86_64-1.8.0.jar:/Users/matheocollina/.m2/repository/com/aayushatharva/brotli4j/native-osx-aarch64/1.8.0/native-osx-aarch64-1.8.0.jar:/Users/matheocollina/.m2/repository/com/aayushatharva/brotli4j/native-windows-x86_64/1.8.0/native-windows-x86_64-1.8.0.jar:/Users/matheocollina/.m2/repository/io/gatling/gatling-http-java/3.9.0/gatling-http-java-3.9.0.jar:/Users/matheocollina/.m2/repository/io/gatling/gatling-jms/3.9.0/gatling-jms-3.9.0.jar:/Users/matheocollina/.m2/repository/javax/jms/javax.jms-api/2.0.1/javax.jms-api-2.0.1.jar:/Users/matheocollina/.m2/repository/com/eatthepath/fast-uuid/0.2.0/fast-uuid-0.2.0.jar:/Users/matheocollina/.m2/repository/io/gatling/gatling-jms-java/3.9.0/gatling-jms-java-3.9.0.jar:/Users/matheocollina/.m2/repository/io/gatling/gatling-mqtt/3.9.0/gatling-mqtt-3.9.0.jar:/Users/matheocollina/.m2/repository/io/netty/netty-codec-mqtt/4.1.86.Final/netty-codec-mqtt-4.1.86.Final.jar:/Users/matheocollina/.m2/repository/io/netty/netty-transport-native-epoll/4.1.86.Final/netty-transport-native-epoll-4.1.86.Final-linux-x86_64.jar:/Users/matheocollina/.m2/repository/io/netty/netty-transport-classes-epoll/4.1.86.Final/netty-transport-classes-epoll-4.1.86.Final.jar:/Users/matheocollina/.m2/repository/io/netty/netty-transport-native-epoll/4.1.86.Final/netty-transport-native-epoll-4.1.86.Final-linux-aarch_64.jar:/Users/matheocollina/.m2/repository/io/gatling/gatling-mqtt-java/3.9.0/gatling-mqtt-java-3.9.0.jar:/Users/matheocollina/.m2/repository/io/gatling/gatling-jdbc/3.9.0/gatling-jdbc-3.9.0.jar:/Users/matheocollina/.m2/repository/io/gatling/gatling-jdbc-java/3.9.0/gatling-jdbc-java-3.9.0.jar:/Users/matheocollina/.m2/repository/io/gatling/gatling-redis/3.9.0/gatling-redis-3.9.0.jar:/Users/matheocollina/.m2/repository/net/debasishg/redisclient_2.13/3.42/redisclient_2.13-3.42.jar:/Users/matheocollina/.m2/repository/org/apache/commons/commons-pool2/2.8.0/commons-pool2-2.8.0.jar:/Users/matheocollina/.m2/repository/io/gatling/gatling-redis-java/3.9.0/gatling-redis-java-3.9.0.jar:/Users/matheocollina/.m2/repository/io/gatling/gatling-graphite/3.9.0/gatling-graphite-3.9.0.jar:/Users/matheocollina/.m2/repository/org/hdrhistogram/HdrHistogram/2.1.12/HdrHistogram-2.1.12.jar:/Users/matheocollina/.m2/repository/io/gatling/gatling-charts/3.9.0/gatling-charts-3.9.0.jar:/Users/matheocollina/.m2/repository/com/tdunning/t-digest/3.1/t-digest-3.1.jar:/Users/matheocollina/.m2/repository/io/gatling/gatling-recorder/3.9.0/gatling-recorder-3.9.0.jar:/Users/matheocollina/.m2/repository/org/scala-lang/modules/scala-swing_2.13/3.0.0/scala-swing_2.13-3.0.0.jar:/Users/matheocollina/.m2/repository/com/fasterxml/jackson/core/jackson-databind/2.14.1/jackson-databind-2.14.1.jar:/Users/matheocollina/.m2/repository/com/fasterxml/jackson/core/jackson-annotations/2.14.1/jackson-annotations-2.14.1.jar:/Users/matheocollina/.m2/repository/com/fasterxml/jackson/core/jackson-core/2.14.1/jackson-core-2.14.1.jar:/Users/matheocollina/.m2/repository/io/gatling/gatling-recorder-bc-shaded/1.72/gatling-recorder-bc-shaded-1.72.jar:/Users/matheocollina/.m2/repository/io/netty/netty-codec-http/4.1.86.Final/netty-codec-http-4.1.86.Final.jar:/Users/matheocollina/.m2/repository/io/netty/netty-common/4.1.86.Final/netty-common-4.1.86.Final.jar:/Users/matheocollina/.m2/repository/io/netty/netty-buffer/4.1.86.Final/netty-buffer-4.1.86.Final.jar:/Users/matheocollina/.m2/repository/io/netty/netty-transport/4.1.86.Final/netty-transport-4.1.86.Final.jar:/Users/matheocollina/.m2/repository/io/netty/netty-codec/4.1.86.Final/netty-codec-4.1.86.Final.jar:/Users/matheocollina/.m2/repository/com/typesafe/akka/akka-actor_2.13/2.6.20/akka-actor_2.13-2.6.20.jar:/Users/matheocollina/.m2/repository/com/typesafe/config/1.4.2/config-1.4.2.jar:/Users/matheocollina/.m2/repository/org/scala-lang/modules/scala-java8-compat_2.13/1.0.0/scala-java8-compat_2.13-1.0.0.jar:"/>
    <property name="java.vm.vendor" value="Homebrew"/>
    <property name="sun.arch.data.model" value="64"/>
    <property name="java.vendor.url" value="https://github.com/Homebrew/homebrew-core/issues"/>
    <property name="os.name" value="Mac OS X"/>
    <property name="java.vm.specification.version" value="21"/>
    <property name="sun.java.launcher" value="SUN_STANDARD"/>
    <property name="user.country" value="FR"/>
    <property name="sun.boot.library.path" value="/opt/homebrew/Cellar/openjdk/21.0.2/libexec/openjdk.jdk/Contents/Home/lib"/>
    <property name="sun.java.command" value="/Users/matheocollina/Project/Cours/lefeyer/api-performance-test/target/surefire/surefirebooter-20240530134331748_3.jar /Users/matheocollina/Project/Cours/lefeyer/api-performance-test/target/surefire 2024-05-30T13-43-31_693-jvmRun1 surefire-20240530134331748_1tmp surefire_0-20240530134331748_2tmp"/>
    <property name="http.nonProxyHosts" value="local|*.local|169.254/16|*.169.254/16"/>
    <property name="jdk.debug" value="release"/>
    <property name="surefire.test.class.path" value="/Users/matheocollina/Project/Cours/lefeyer/api-performance-test/target/test-classes:/Users/matheocollina/Project/Cours/lefeyer/api-performance-test/target/classes:/Users/matheocollina/.m2/repository/com/sksamuel/hoplite/hoplite-core/2.7.1/hoplite-core-2.7.1.jar:/Users/matheocollina/.m2/repository/org/jetbrains/kotlin/kotlin-reflect/1.6.21/kotlin-reflect-1.6.21.jar:/Users/matheocollina/.m2/repository/com/sksamuel/hoplite/hoplite-yaml/2.7.1/hoplite-yaml-2.7.1.jar:/Users/matheocollina/.m2/repository/org/yaml/snakeyaml/1.33/snakeyaml-1.33.jar:/Users/matheocollina/.m2/repository/org/jetbrains/kotlin/kotlin-stdlib-jdk8/1.8.10/kotlin-stdlib-jdk8-1.8.10.jar:/Users/matheocollina/.m2/repository/org/jetbrains/kotlin/kotlin-stdlib/1.8.10/kotlin-stdlib-1.8.10.jar:/Users/matheocollina/.m2/repository/org/jetbrains/kotlin/kotlin-stdlib-common/1.8.10/kotlin-stdlib-common-1.8.10.jar:/Users/matheocollina/.m2/repository/org/jetbrains/annotations/13.0/annotations-13.0.jar:/Users/matheocollina/.m2/repository/org/jetbrains/kotlin/kotlin-stdlib-jdk7/1.8.10/kotlin-stdlib-jdk7-1.8.10.jar:/Users/matheocollina/.m2/repository/io/gatling/highcharts/gatling-charts-highcharts/3.9.0/gatling-charts-highcharts-3.9.0.jar:/Users/matheocollina/.m2/repository/org/scala-lang/scala-library/2.13.10/scala-library-2.13.10.jar:/Users/matheocollina/.m2/repository/io/gatling/gatling-app/3.9.0/gatling-app-3.9.0.jar:/Users/matheocollina/.m2/repository/io/gatling/gatling-core/3.9.0/gatling-core-3.9.0.jar:/Users/matheocollina/.m2/repository/io/gatling/gatling-netty-util/3.9.0/gatling-netty-util-3.9.0.jar:/Users/matheocollina/.m2/repository/io/gatling/gatling-jdk-util/3.9.0/gatling-jdk-util-3.9.0.jar:/Users/matheocollina/.m2/repository/io/netty/incubator/netty-incubator-transport-native-io_uring/0.0.16.Final/netty-incubator-transport-native-io_uring-0.0.16.Final-linux-x86_64.jar:/Users/matheocollina/.m2/repository/io/netty/incubator/netty-incubator-transport-classes-io_uring/0.0.16.Final/netty-incubator-transport-classes-io_uring-0.0.16.Final.jar:/Users/matheocollina/.m2/repository/io/netty/incubator/netty-incubator-transport-native-io_uring/0.0.16.Final/netty-incubator-transport-native-io_uring-0.0.16.Final-linux-aarch_64.jar:/Users/matheocollina/.m2/repository/io/gatling/gatling-commons/3.9.0/gatling-commons-3.9.0.jar:/Users/matheocollina/.m2/repository/io/gatling/gatling-commons-shared/3.9.0/gatling-commons-shared-3.9.0.jar:/Users/matheocollina/.m2/repository/org/scala-lang/scala-reflect/2.13.10/scala-reflect-2.13.10.jar:/Users/matheocollina/.m2/repository/io/suzaku/boopickle_2.13/1.3.3/boopickle_2.13-1.3.3.jar:/Users/matheocollina/.m2/repository/io/gatling/gatling-commons-shared-unstable/3.9.0/gatling-commons-shared-unstable-3.9.0.jar:/Users/matheocollina/.m2/repository/org/typelevel/spire-macros_2.13/0.17.0/spire-macros_2.13-0.17.0.jar:/Users/matheocollina/.m2/repository/org/slf4j/slf4j-api/1.7.36/slf4j-api-1.7.36.jar:/Users/matheocollina/.m2/repository/com/typesafe/scala-logging/scala-logging_2.13/3.9.5/scala-logging_2.13-3.9.5.jar:/Users/matheocollina/.m2/repository/ch/qos/logback/logback-classic/1.2.11/logback-classic-1.2.11.jar:/Users/matheocollina/.m2/repository/ch/qos/logback/logback-core/1.2.11/logback-core-1.2.11.jar:/Users/matheocollina/.m2/repository/io/gatling/gatling-jsonpath/3.9.0/gatling-jsonpath-3.9.0.jar:/Users/matheocollina/.m2/repository/com/typesafe/akka/akka-slf4j_2.13/2.6.20/akka-slf4j_2.13-2.6.20.jar:/Users/matheocollina/.m2/repository/org/simpleflatmapper/lightning-csv/8.2.3/lightning-csv-8.2.3.jar:/Users/matheocollina/.m2/repository/org/simpleflatmapper/sfm-util/8.2.3/sfm-util-8.2.3.jar:/Users/matheocollina/.m2/repository/com/github/ben-manes/caffeine/caffeine/2.9.3/caffeine-2.9.3.jar:/Users/matheocollina/.m2/repository/org/checkerframework/checker-qual/3.19.0/checker-qual-3.19.0.jar:/Users/matheocollina/.m2/repository/com/google/errorprone/error_prone_annotations/2.10.0/error_prone_annotations-2.10.0.jar:/Users/matheocollina/.m2/repository/io/pebbletemplates/pebble/3.2.0/pebble-3.2.0.jar:/Users/matheocollina/.m2/repository/org/unbescape/unbescape/1.1.6.RELEASE/unbescape-1.1.6.RELEASE.jar:/Users/matheocollina/.m2/repository/org/scala-lang/modules/scala-parser-combinators_2.13/2.1.1/scala-parser-combinators_2.13-2.1.1.jar:/Users/matheocollina/.m2/repository/com/github/scopt/scopt_2.13/3.7.1/scopt_2.13-3.7.1.jar:/Users/matheocollina/.m2/repository/io/netty/netty-handler/4.1.86.Final/netty-handler-4.1.86.Final.jar:/Users/matheocollina/.m2/repository/io/netty/netty-resolver/4.1.86.Final/netty-resolver-4.1.86.Final.jar:/Users/matheocollina/.m2/repository/io/netty/netty-transport-native-unix-common/4.1.86.Final/netty-transport-native-unix-common-4.1.86.Final.jar:/Users/matheocollina/.m2/repository/io/netty/netty-tcnative-classes/2.0.54.Final/netty-tcnative-classes-2.0.54.Final.jar:/Users/matheocollina/.m2/repository/com/softwaremill/quicklens/quicklens_2.13/1.9.0/quicklens_2.13-1.9.0.jar:/Users/matheocollina/.m2/repository/net/sf/saxon/Saxon-HE/10.6/Saxon-HE-10.6.jar:/Users/matheocollina/.m2/repository/org/jodd/jodd-lagarto/6.0.6/jodd-lagarto-6.0.6.jar:/Users/matheocollina/.m2/repository/org/jodd/jodd-util/6.1.0/jodd-util-6.1.0.jar:/Users/matheocollina/.m2/repository/io/burt/jmespath-jackson/0.5.1/jmespath-jackson-0.5.1.jar:/Users/matheocollina/.m2/repository/io/burt/jmespath-core/0.5.1/jmespath-core-0.5.1.jar:/Users/matheocollina/.m2/repository/io/gatling/gatling-core-java/3.9.0/gatling-core-java-3.9.0.jar:/Users/matheocollina/.m2/repository/net/jodah/typetools/0.6.3/typetools-0.6.3.jar:/Users/matheocollina/.m2/repository/com/google/code/findbugs/jsr305/3.0.2/jsr305-3.0.2.jar:/Users/matheocollina/.m2/repository/io/gatling/gatling-http/3.9.0/gatling-http-3.9.0.jar:/Users/matheocollina/.m2/repository/io/gatling/gatling-http-client/3.9.0/gatling-http-client-3.9.0.jar:/Users/matheocollina/.m2/repository/io/netty/netty-handler-proxy/4.1.86.Final/netty-handler-proxy-4.1.86.Final.jar:/Users/matheocollina/.m2/repository/io/netty/netty-codec-socks/4.1.86.Final/netty-codec-socks-4.1.86.Final.jar:/Users/matheocollina/.m2/repository/io/netty/netty-resolver-dns/4.1.86.Final/netty-resolver-dns-4.1.86.Final.jar:/Users/matheocollina/.m2/repository/io/netty/netty-codec-dns/4.1.86.Final/netty-codec-dns-4.1.86.Final.jar:/Users/matheocollina/.m2/repository/io/netty/netty-codec-http2/4.1.86.Final/netty-codec-http2-4.1.86.Final.jar:/Users/matheocollina/.m2/repository/io/netty/netty-resolver-dns-native-macos/4.1.86.Final/netty-resolver-dns-native-macos-4.1.86.Final-osx-x86_64.jar:/Users/matheocollina/.m2/repository/io/netty/netty-resolver-dns-classes-macos/4.1.86.Final/netty-resolver-dns-classes-macos-4.1.86.Final.jar:/Users/matheocollina/.m2/repository/io/netty/netty-resolver-dns-native-macos/4.1.86.Final/netty-resolver-dns-native-macos-4.1.86.Final-osx-aarch_64.jar:/Users/matheocollina/.m2/repository/io/netty/netty-tcnative-boringssl-static/2.0.54.Final/netty-tcnative-boringssl-static-2.0.54.Final.jar:/Users/matheocollina/.m2/repository/io/netty/netty-tcnative-boringssl-static/2.0.54.Final/netty-tcnative-boringssl-static-2.0.54.Final-linux-x86_64.jar:/Users/matheocollina/.m2/repository/io/netty/netty-tcnative-boringssl-static/2.0.54.Final/netty-tcnative-boringssl-static-2.0.54.Final-linux-aarch_64.jar:/Users/matheocollina/.m2/repository/io/netty/netty-tcnative-boringssl-static/2.0.54.Final/netty-tcnative-boringssl-static-2.0.54.Final-osx-x86_64.jar:/Users/matheocollina/.m2/repository/io/netty/netty-tcnative-boringssl-static/2.0.54.Final/netty-tcnative-boringssl-static-2.0.54.Final-osx-aarch_64.jar:/Users/matheocollina/.m2/repository/io/netty/netty-tcnative-boringssl-static/2.0.54.Final/netty-tcnative-boringssl-static-2.0.54.Final-windows-x86_64.jar:/Users/matheocollina/.m2/repository/com/aayushatharva/brotli4j/brotli4j/1.8.0/brotli4j-1.8.0.jar:/Users/matheocollina/.m2/repository/com/aayushatharva/brotli4j/native-linux-x86_64/1.8.0/native-linux-x86_64-1.8.0.jar:/Users/matheocollina/.m2/repository/com/aayushatharva/brotli4j/native-linux-aarch64/1.8.0/native-linux-aarch64-1.8.0.jar:/Users/matheocollina/.m2/repository/com/aayushatharva/brotli4j/native-osx-x86_64/1.8.0/native-osx-x86_64-1.8.0.jar:/Users/matheocollina/.m2/repository/com/aayushatharva/brotli4j/native-osx-aarch64/1.8.0/native-osx-aarch64-1.8.0.jar:/Users/matheocollina/.m2/repository/com/aayushatharva/brotli4j/native-windows-x86_64/1.8.0/native-windows-x86_64-1.8.0.jar:/Users/matheocollina/.m2/repository/io/gatling/gatling-http-java/3.9.0/gatling-http-java-3.9.0.jar:/Users/matheocollina/.m2/repository/io/gatling/gatling-jms/3.9.0/gatling-jms-3.9.0.jar:/Users/matheocollina/.m2/repository/javax/jms/javax.jms-api/2.0.1/javax.jms-api-2.0.1.jar:/Users/matheocollina/.m2/repository/com/eatthepath/fast-uuid/0.2.0/fast-uuid-0.2.0.jar:/Users/matheocollina/.m2/repository/io/gatling/gatling-jms-java/3.9.0/gatling-jms-java-3.9.0.jar:/Users/matheocollina/.m2/repository/io/gatling/gatling-mqtt/3.9.0/gatling-mqtt-3.9.0.jar:/Users/matheocollina/.m2/repository/io/netty/netty-codec-mqtt/4.1.86.Final/netty-codec-mqtt-4.1.86.Final.jar:/Users/matheocollina/.m2/repository/io/netty/netty-transport-native-epoll/4.1.86.Final/netty-transport-native-epoll-4.1.86.Final-linux-x86_64.jar:/Users/matheocollina/.m2/repository/io/netty/netty-transport-classes-epoll/4.1.86.Final/netty-transport-classes-epoll-4.1.86.Final.jar:/Users/matheocollina/.m2/repository/io/netty/netty-transport-native-epoll/4.1.86.Final/netty-transport-native-epoll-4.1.86.Final-linux-aarch_64.jar:/Users/matheocollina/.m2/repository/io/gatling/gatling-mqtt-java/3.9.0/gatling-mqtt-java-3.9.0.jar:/Users/matheocollina/.m2/repository/io/gatling/gatling-jdbc/3.9.0/gatling-jdbc-3.9.0.jar:/Users/matheocollina/.m2/repository/io/gatling/gatling-jdbc-java/3.9.0/gatling-jdbc-java-3.9.0.jar:/Users/matheocollina/.m2/repository/io/gatling/gatling-redis/3.9.0/gatling-redis-3.9.0.jar:/Users/matheocollina/.m2/repository/net/debasishg/redisclient_2.13/3.42/redisclient_2.13-3.42.jar:/Users/matheocollina/.m2/repository/org/apache/commons/commons-pool2/2.8.0/commons-pool2-2.8.0.jar:/Users/matheocollina/.m2/repository/io/gatling/gatling-redis-java/3.9.0/gatling-redis-java-3.9.0.jar:/Users/matheocollina/.m2/repository/io/gatling/gatling-graphite/3.9.0/gatling-graphite-3.9.0.jar:/Users/matheocollina/.m2/repository/org/hdrhistogram/HdrHistogram/2.1.12/HdrHistogram-2.1.12.jar:/Users/matheocollina/.m2/repository/io/gatling/gatling-charts/3.9.0/gatling-charts-3.9.0.jar:/Users/matheocollina/.m2/repository/com/tdunning/t-digest/3.1/t-digest-3.1.jar:/Users/matheocollina/.m2/repository/io/gatling/gatling-recorder/3.9.0/gatling-recorder-3.9.0.jar:/Users/matheocollina/.m2/repository/org/scala-lang/modules/scala-swing_2.13/3.0.0/scala-swing_2.13-3.0.0.jar:/Users/matheocollina/.m2/repository/com/fasterxml/jackson/core/jackson-databind/2.14.1/jackson-databind-2.14.1.jar:/Users/matheocollina/.m2/repository/com/fasterxml/jackson/core/jackson-annotations/2.14.1/jackson-annotations-2.14.1.jar:/Users/matheocollina/.m2/repository/com/fasterxml/jackson/core/jackson-core/2.14.1/jackson-core-2.14.1.jar:/Users/matheocollina/.m2/repository/io/gatling/gatling-recorder-bc-shaded/1.72/gatling-recorder-bc-shaded-1.72.jar:/Users/matheocollina/.m2/repository/io/netty/netty-codec-http/4.1.86.Final/netty-codec-http-4.1.86.Final.jar:/Users/matheocollina/.m2/repository/io/netty/netty-common/4.1.86.Final/netty-common-4.1.86.Final.jar:/Users/matheocollina/.m2/repository/io/netty/netty-buffer/4.1.86.Final/netty-buffer-4.1.86.Final.jar:/Users/matheocollina/.m2/repository/io/netty/netty-transport/4.1.86.Final/netty-transport-4.1.86.Final.jar:/Users/matheocollina/.m2/repository/io/netty/netty-codec/4.1.86.Final/netty-codec-4.1.86.Final.jar:/Users/matheocollina/.m2/repository/com/typesafe/akka/akka-actor_2.13/2.6.20/akka-actor_2.13-2.6.20.jar:/Users/matheocollina/.m2/repository/com/typesafe/config/1.4.2/config-1.4.2.jar:/Users/matheocollina/.m2/repository/org/scala-lang/modules/scala-java8-compat_2.13/1.0.0/scala-java8-compat_2.13-1.0.0.jar:"/>
    <property name="sun.cpu.endian" value="little"/>
    <property name="user.home" value="/Users/matheocollina"/>
    <property name="user.language" value="fr"/>
    <property name="java.specification.vendor" value="Oracle Corporation"/>
    <property name="java.version.date" value="2024-01-16"/>
    <property name="java.home" value="/opt/homebrew/Cellar/openjdk/21.0.2/libexec/openjdk.jdk/Contents/Home"/>
    <property name="file.separator" value="/"/>
    <property name="basedir" value="/Users/matheocollina/Project/Cours/lefeyer/api-performance-test"/>
    <property name="java.vm.compressedOopsMode" value="Zero based"/>
    <property name="line.separator" value="&#10;"/>
    <property name="java.vm.specification.vendor" value="Oracle Corporation"/>
    <property name="java.specification.name" value="Java Platform API Specification"/>
    <property name="apple.awt.application.name" value="ForkedBooter"/>
    <property name="surefire.real.class.path" value="/Users/matheocollina/Project/Cours/lefeyer/api-performance-test/target/surefire/surefirebooter-20240530134331748_3.jar"/>
    <property name="sun.management.compiler" value="HotSpot 64-Bit Tiered Compilers"/>
    <property name="ftp.nonProxyHosts" value="local|*.local|169.254/16|*.169.254/16"/>
    <property name="java.runtime.version" value="21.0.2"/>
    <property name="user.name" value="matheocollina"/>
    <property name="stdout.encoding" value="UTF-8"/>
    <property name="path.separator" value=":"/>
    <property name="os.version" value="13.0"/>
    <property name="java.runtime.name" value="OpenJDK Runtime Environment"/>
    <property name="file.encoding" value="UTF-8"/>
    <property name="java.vm.name" value="OpenJDK 64-Bit Server VM"/>
    <property name="java.vendor.version" value="Homebrew"/>
    <property name="localRepository" value="/Users/matheocollina/.m2/repository"/>
    <property name="java.vendor.url.bug" value="https://github.com/Homebrew/homebrew-core/issues"/>
    <property name="java.io.tmpdir" value="/var/folders/8f/vs937lm95fl2gy0gqzwpzqxc0000gn/T/"/>
    <property name="java.version" value="21.0.2"/>
    <property name="user.dir" value="/Users/matheocollina/Project/Cours/lefeyer/api-performance-test"/>
    <property name="os.arch" value="aarch64"/>
    <property name="java.vm.specification.name" value="Java Virtual Machine Specification"/>
    <property name="native.encoding" value="UTF-8"/>
    <property name="java.library.path" value="/Users/matheocollina/Library/Java/Extensions:/Library/Java/Extensions:/Network/Library/Java/Extensions:/System/Library/Java/Extensions:/usr/lib/java:."/>
    <property name="java.vm.info" value="mixed mode, sharing"/>
    <property name="stderr.encoding" value="UTF-8"/>
    <property name="java.vendor" value="Homebrew"/>
    <property name="java.vm.version" value="21.0.2"/>
    <property name="sun.io.unicode.encoding" value="UnicodeBig"/>
    <property name="socksNonProxyHosts" value="local|*.local|169.254/16|*.169.254/16"/>
    <property name="java.class.version" value="65.0"/>
  </properties>
</testsuite>